<?xml version="1.0" encoding="UTF-8"?>
<!-- Generated by org.testng.reporters.JUnitXMLReporter -->
<testsuite ignored="0" hostname="Bakos" failures="0" tests="1" name="Test" time="3.998" errors="0" timestamp="2024-02-18T21:15:37 CST">
  <testcase classname="restAPI.GetSingleEmployee" name="@AfterTest test" time="0.444">
    <failure type="java.lang.AssertionError" message="expected [200] but found [429]">
      <![CDATA[java.lang.AssertionError: expected [200] but found [429]
at restAPI.GetSingleEmployee.test(GetSingleEmployee.java:26)
... Removed 31 stack frames]]>
    </failure>
  </testcase> <!-- @AfterTest test -->
  <testcase classname="restAPI.GetRequest" name="test" time="3.429"/>
</testsuite> <!-- Test -->
