<?xml version="1.0" encoding="UTF-8"?>
<testng-results ignored="0" total="1" passed="1" failed="0" skipped="0">
  <reporter-output>
  </reporter-output>
  <suite started-at="2024-02-18T21:16:39 CST" name="Default suite" finished-at="2024-02-18T21:16:43 CST" duration-ms="3730">
    <groups>
    </groups>
    <test started-at="2024-02-18T21:16:39 CST" name="Default test" finished-at="2024-02-18T21:16:43 CST" duration-ms="3730">
      <class name="restAPI.GetSingleEmployee">
        <test-method signature="test()[pri:0, instance:restAPI.GetSingleEmployee@338494fa]" started-at="2024-02-18T21:16:39 CST" name="test" finished-at="2024-02-18T21:16:43 CST" duration-ms="3629" status="PASS">
          <reporter-output>
          </reporter-output>
        </test-method> <!-- test -->
      </class> <!-- restAPI.GetSingleEmployee -->
    </test> <!-- Default test -->
  </suite> <!-- Default suite -->
</testng-results>
